[ 2023-07-06 11:51:42,046 ] 26 root - INFO - Data Ingestion methods Starts
[ 2023-07-06 11:51:42,306 ] 29 root - INFO - Dataset read as pandas Dataframe
[ 2023-07-06 11:51:43,658 ] 33 root - INFO - Train test split
[ 2023-07-06 11:51:45,067 ] 40 root - INFO - Ingestion if data is completed
[ 2023-07-06 11:51:45,373 ] 83 root - INFO - Read train and test data completed
[ 2023-07-06 11:51:45,382 ] 84 root - INFO - Train DataFrame Head : 
       id  carat        cut color clarity  depth  table     x     y     z  price
0  126010   2.00  Very Good     H     SI2   62.9   58.0  8.03  7.93  5.05  13355
1  170743   1.57      Ideal     I     SI1   61.2   55.0  7.51  7.54  4.61   9070
2   96449   0.50  Very Good     E     VS2   61.0   61.0  5.08  5.11  3.12   1395
3  113483   0.36      Ideal     F     VS2   61.1   56.0  4.59  4.63  2.82    746
4   98230   0.40      Ideal     G    VVS1   62.2   54.0  4.74  4.77  2.96   1121
[ 2023-07-06 11:51:45,389 ] 85 root - INFO - Test DataFrame Head : 
       id  carat        cut color clarity  depth  table     x     y     z  price
0  144822   0.71  Very Good     I     SI1   60.7   58.0  5.71  5.77  3.48   2141
1  100953   0.42      Ideal     F     VS1   62.8   55.0  4.80  4.84  3.02   1153
2   52071   1.01  Very Good     G     SI2   62.9   59.0  6.40  6.38  4.02   4327
3   21905   0.61      Ideal     E     SI2   61.6   56.0  5.46  5.49  3.37   1827
4   38306   0.41    Premium     G     SI1   61.9   59.0  4.80  4.77  2.96    969
[ 2023-07-06 11:51:45,389 ] 87 root - INFO - Obtainging Preprocessing Object
[ 2023-07-06 11:51:45,389 ] 27 root - INFO - Data Transformation Initiated
[ 2023-07-06 11:51:45,389 ] 37 root - INFO - Pipeline Initiated
[ 2023-07-06 11:51:45,829 ] 105 root - INFO - Applying preprocessing object on training and testing datasets
[ 2023-07-06 11:51:45,864 ] 117 root - INFO - Preprocessor pickel file saved
